20240415	21:12:22	098e95b9-e3fd-4a63-9c72-16261d376c85	GET	/	undefined
20240415	21:12:23	3b9a0b91-c76f-4ff6-b074-b57ef01bd2bb	GET	/css/style.css	undefined
20240415	21:12:23	02c1f96e-c062-4c9b-8f2c-3161bed0ca04	GET	/favicon.ico	undefined
20240415	21:17:51	11ea407a-8549-43a9-9c8e-b98d581557e9	GET	/	undefined
20240415	21:17:51	40fc9433-ef78-4299-8ef9-a1d3ac0828aa	GET	/css/style.css	undefined
20240415	21:20:33	4c13a470-4990-4567-bea7-b7e3ec44554d	GET	/	undefined
20240415	21:20:33	147a9ff9-41d4-424a-992d-1b3a5cf45f0f	GET	/css/style.css	undefined
20240415	21:46:55	eae5657a-fbab-4be4-8057-7ae571b76a82	GET	/	undefined
20240415	21:46:57	ccd5d4b5-10f4-45da-9c21-3655b1652a84	GET	/css/style.css	undefined
20240415	21:47:30	b0cd556b-f137-4b22-9dad-004e211d5935	GET	/css/style.css	undefined
20240415	21:48:16	c7fa14c2-4c06-49ed-97da-1df97cba829a	GET	/	undefined
20240415	21:50:14	8a14bba9-6b30-46a8-a98e-a92186a5624b	OPTIONS	/	https://www.google.com
20240415	21:50:14	e5672895-0c4a-4203-9659-a9d16229ba27	GET	/	https://www.google.com
20240415	21:55:40	7762e888-79b6-45d4-9a3a-23ca75096884	OPTIONS	/	https://www.google.com
20240415	21:55:40	b5360705-bcde-4b38-8fec-210eebd18bd3	GET	/	https://www.google.com
20240415	22:04:15	28f71f4b-93d1-4ebb-8cc4-42445d009c6a	GET	/	undefined
20240415	22:04:15	6edf7d47-8d37-49c4-87fd-206d6915955f	GET	/css/style.css	undefined
20240415	22:04:17	38524961-644c-4a8f-8dce-0f24fbe6554e	GET	/	undefined
20240415	22:04:17	181c268f-8d8a-412a-8cab-d2149f9a6060	GET	/css/style.css	undefined
20240415	22:05:08	04447192-d8aa-453e-bb06-a19d9c3beef8	GET	/	undefined
20240415	22:05:08	d269318f-8dac-4ca8-a31f-d7750cab5a6f	GET	/css/style.css	undefined
20240415	22:05:32	434139d2-8a2b-43a7-a30c-cc386f24172f	OPTIONS	/	https://www.google.com
20240415	22:05:32	43ecdca9-5eba-4a60-ba5d-0b8fb38efeb1	GET	/	https://www.google.com
20240415	22:05:44	e64ecd7b-e9af-49b2-b874-7e4afc848ffc	GET	/css/style.css	undefined
20240415	22:05:52	1487035b-2442-4662-ac30-6b8fe08673c0	GET	/	undefined
20240415	22:17:36	318969ec-65b7-4c57-8bc0-9a512be4156e	OPTIONS	/	https://www.blackbox.ai
20240415	22:17:36	242fe8a0-dbbc-403c-aa29-f0b4834d93e1	GET	/	https://www.blackbox.ai
20240415	22:37:35	0a8e3cbc-7925-4818-a343-4135c0a968fe	OPTIONS	/	https://www.google.com
20240415	22:37:35	3a3c371a-130c-48f3-a4b5-ae4586a0140d	GET	/	https://www.google.com
20240415	22:40:38	f3adc076-9244-4dda-8ea3-22395a8ab4fe	OPTIONS	/	https://www.blackbox.ai
20240415	22:40:38	9e641713-8029-4b81-8f12-ecad6f9ac886	GET	/	https://www.blackbox.ai
20240415	22:46:27	7c46a01a-bc2c-4bc1-bd97-8d708b054350	OPTIONS	/	https://www.blackbox.ai
20240415	22:46:27	4b4c6e22-902b-4c3d-9a36-90b9db04d512	GET	/	https://www.blackbox.ai
20240415	22:49:16	065a6d86-2621-48da-b61c-dc496b75b6ab	OPTIONS	/	https://www.blackbox.ai
20240415	22:49:16	a0ae8b3b-ecb8-4b15-a373-37c664edf6cc	GET	/	https://www.blackbox.ai
20240417	08:12:04	bbcd75df-0c44-4594-88e3-4051da1d110b	GET	/	undefined
20240417	08:12:04	706329c1-ff39-4913-9478-cb14f59cc33f	GET	/css/style.css	undefined
20240417	08:12:04	e6f54753-1774-4c3e-adfd-ef8acf06ac09	GET	/favicon.ico	undefined
20240417	08:12:35	1799dc4c-f012-4615-9f0a-b7b616292624	GET	/	undefined
20240417	08:12:35	dd75b24d-6eb8-4f2e-a2f7-ac6aa8ffa926	GET	/css/style.css	undefined
20240417	08:12:45	31636cf9-b523-4e7a-8ff9-98c6900890dd	GET	/	undefined
20240417	08:12:45	4fa40efc-bd91-4e16-9203-698dcd2635f2	GET	/css/style.css	undefined
20240417	08:12:51	b8cf38a4-d87b-4e9b-94aa-fa2436245ae0	GET	/	undefined
20240417	08:12:51	f89ebb18-aba2-410b-96c6-974986cda156	GET	/css/style.css	undefined
20240417	08:13:06	c79dfd67-348c-40ed-bdbb-c5cb81f2fdc7	GET	/	undefined
20240417	08:13:06	ab5fa20c-1b74-4313-87f1-8b464d29d8fe	GET	/css/style.css	undefined
20240417	08:13:47	9af985a8-c1f5-4a79-bb5b-f6a0170fa9b6	GET	/	undefined
20240417	08:13:47	c5a4a2ba-dce0-40a5-a747-bf58dd30400f	GET	/css/style.css	undefined
20240417	08:14:42	2c0ecbee-4c94-40c4-a6e0-8701b2d4b4c1	GET	/	undefined
20240417	08:14:42	168baec9-48ac-45a4-bc5b-27416eec7dc1	GET	/css/style.css	undefined
20240417	08:15:04	c30c5fb4-f84b-4634-87af-2bd57d50469c	GET	/	undefined
20240417	08:15:04	bd6a2c8c-9adc-4f10-b683-778ca1ba565d	GET	/css/style.css	undefined
20240417	08:15:30	9092dd2f-8f0c-4789-94fa-a85f9850feae	GET	/	undefined
20240417	08:15:30	7ea1e5ad-572f-40d6-a297-7521e24259e8	GET	/css/style.css	undefined
20240417	08:28:20	b755f98e-4686-404b-9e6f-4b1d390e5e2a	GET	/	undefined
20240417	08:28:20	3eed74df-6fa2-45cf-ad31-76809f7232de	GET	/css/style.css	undefined
20240417	08:28:22	2e3f7f3d-6266-4b47-877e-697baa3f6a2c	GET	/	undefined
20240417	08:28:22	ab80c63b-75d5-4550-bd78-1a9f481edcb1	GET	/css/style.css	undefined
20240417	08:33:18	6a6f7fbb-f036-41b8-8a64-a166ac1ea578	GET	/	undefined
20240417	08:33:18	d15e215a-b393-4c91-bd7a-70d6f423677e	GET	/css/style.css	undefined
20240417	08:34:19	c890e8ea-7ed0-47d2-872f-2ba5ab4bf01d	GET	/	undefined
20240417	08:34:19	1c569200-4454-458a-849c-3fc8eb8f3d3f	GET	/css/style.css	undefined
20240417	08:34:25	101cc5c7-1396-4650-b287-2d966eb4932a	GET	/	undefined
20240417	08:34:25	1a54926c-6413-459a-8f77-bd614c338708	GET	/css/style.css	undefined
20240417	08:35:17	cfc3a807-b25d-484f-b7f5-61a36b6ec6ec	GET	/	undefined
20240417	08:35:17	aa8ff141-0e96-4466-a293-1cabfbec488a	GET	/css/style.css	undefined
20240417	08:35:18	cbc852e5-98dc-4703-99aa-b5afb950fd76	GET	/	undefined
20240417	08:35:18	d858abae-d439-4dd3-bd02-1ab661846efb	GET	/css/style.css	undefined
20240417	08:35:31	61ce34f1-2ce9-4e62-b688-249d591a9ec1	GET	/	undefined
20240417	08:35:31	c38b547d-de86-47e5-aed4-8d1c7ac0f2fd	GET	/css/style.css	undefined
20240417	10:28:44	93011126-f4f3-4ad7-8918-781753548c9b	GET	/	undefined
20240417	10:28:44	e2ade3c1-6ed2-4921-9e0e-47c853e10d2a	GET	/css/style.css	undefined
20240417	10:28:44	fbf06585-74bb-4b54-aaa4-37fbb1a243eb	GET	/favicon.ico	undefined
20240417	10:28:46	f8d0e8df-a5c4-404a-b162-ccfc8e8168b8	GET	/	undefined
20240417	10:28:46	b4af88a8-ebc2-4852-8de8-a4eca4ec5872	GET	/css/style.css	undefined
20240417	10:29:19	328f6555-57ba-4597-aac8-487cf763b1d7	GET	/	undefined
20240417	10:29:19	88eb1c9a-cc2c-4963-8e4d-4d0bb98e7e86	GET	/css/style.css	undefined
20240417	10:29:46	00bd0d17-b973-45f2-abd5-8e00f1dfd1c1	GET	/	undefined
20240417	10:29:46	512aa65e-327b-4adf-a611-344ab682f82e	GET	/css/style.css	undefined
20240417	10:30:03	c6a4e8bd-28d2-40a1-949b-fe072c5ba732	GET	/	undefined
20240417	10:30:03	027ba0ea-4273-4435-9d16-4c94785b60cd	GET	/css/style.css	undefined
20240417	10:30:25	7fe97cbf-da33-4978-a092-1d8ce6200be1	GET	/	undefined
20240417	10:30:25	ad8ee9ed-543b-48f2-8d4a-7d266c410d66	GET	/css/style.css	undefined
20240417	10:30:34	c6d4911d-18f8-439b-bf5e-d064e4056fb4	GET	/	undefined
20240417	10:30:34	aaae2e59-c9f3-42a3-8486-6c25c45165ae	GET	/css/style.css	undefined
20240417	10:30:43	c1b7f8e4-31b6-4e91-94c4-ed030722e678	GET	/	undefined
20240417	10:30:43	e6ac5d26-ced5-48ef-9850-b7cbfff6b0d4	GET	/css/style.css	undefined
20240417	10:31:09	4f76f375-7265-4ec3-94ca-4261964c862f	GET	/	undefined
20240417	10:31:09	d99f5322-79fa-4c35-8c2e-5a600004fa9d	GET	/css/style.css	undefined
20240417	10:31:09	572534ab-15f7-45c5-96c1-b05971facf22	GET	/(C:/Users/ASUS/Downloads/yes.jpg)	undefined
20240417	10:45:40	6d1ed05d-416b-4b07-b496-3ea3c4c91721	GET	/	undefined
20240417	10:45:40	29f6a12c-acd6-448d-b876-e30e9b2f1dd5	GET	/css/style.css	undefined
20240417	10:45:40	579e98f0-7660-4396-bd6d-c2719cc6e079	GET	/Downloads/yes.jpg	undefined
20240417	10:47:35	283c4602-b475-4589-8074-6803109facc3	GET	/	undefined
20240417	10:47:35	d1df4fdb-7db0-4eee-a241-0cdfd7f792fe	GET	/css/style.css	undefined
20240417	10:47:35	7124760d-bf21-4e3a-bce4-0ee26d1116ed	GET	/Downloads/yes.jpg	undefined
20240417	10:47:36	435cecd0-5f66-4f85-98d8-f3699a0db0ce	GET	/	undefined
20240417	10:47:37	01872e7f-a557-4d2d-a1ff-7d758fcb8462	GET	/css/style.css	undefined
20240417	10:47:37	8435fb33-3127-438d-a008-4988ef37deac	GET	/Downloads/yes.jpg	undefined
20240417	10:47:37	d1f7c58f-89e4-40f3-89a6-b3b689f71356	GET	/	undefined
20240417	10:47:37	1307faa5-e98b-4529-bc3f-37bd55c9913d	GET	/css/style.css	undefined
20240417	10:47:37	19fb8114-648a-42bf-b589-9d7ffb39ddc0	GET	/Downloads/yes.jpg	undefined
20240417	10:47:37	0d40469b-dffd-4259-8a8e-bd58365931ec	GET	/	undefined
20240417	10:47:37	cd6ea408-544d-4fc2-9662-228d9f9412a4	GET	/css/style.css	undefined
20240417	10:47:37	5e930d82-bf58-429f-b93e-217a9982ebd0	GET	/Downloads/yes.jpg	undefined
20240417	10:47:37	179f33dd-567a-4e95-b785-cbeec9866e7c	GET	/	undefined
20240417	10:47:37	761a6774-fc13-4743-a6b2-2f6714010595	GET	/css/style.css	undefined
20240417	10:47:37	6a2e289f-4eb8-4dc9-bd12-47ae2e894bed	GET	/Downloads/yes.jpg	undefined
20240417	10:47:37	b6805dec-86b9-4b9b-b280-d375ce09ed43	GET	/	undefined
20240417	10:47:37	8b576c18-5e3e-4127-b869-49ccd9e6b1aa	GET	/css/style.css	undefined
20240417	10:47:37	142316b5-f928-48a4-af95-856deb75035d	GET	/Downloads/yes.jpg	undefined
20240417	10:47:37	622ba869-8581-44b7-a88f-f5939e19fded	GET	/	undefined
20240417	10:47:37	bac1c669-afcd-4113-8d39-69d286b4f35d	GET	/css/style.css	undefined
20240417	10:47:37	abc4cf55-bf9e-44f8-9411-a639c1cfaa0a	GET	/Downloads/yes.jpg	undefined
20240417	10:47:37	92501566-b346-43a9-8367-d9f105eb7ac8	GET	/	undefined
20240417	10:47:38	857bc97e-d22d-41e8-aefc-aad63e9a40d3	GET	/css/style.css	undefined
20240417	10:47:38	152d5a2d-fa02-4439-8c8f-1bab44b11869	GET	/Downloads/yes.jpg	undefined
20240417	10:47:38	0ad80017-5d17-4a90-a9b2-4a58782b634d	GET	/	undefined
20240417	10:47:38	25519d51-d6c6-4b47-a718-c9b342ba4211	GET	/css/style.css	undefined
20240417	10:47:38	d7d3d6d9-3d89-469d-8657-1ebc3e046fc8	GET	/Downloads/yes.jpg	undefined
20240417	10:48:55	82df23c5-0cf3-4d1b-947c-4f1c7766e794	GET	/	undefined
20240417	10:48:55	7f050e9f-aebc-4512-aacd-6a9cd61ed047	GET	/css/style.css	undefined
20240417	10:49:32	374b091f-e807-4504-b410-4ebaea48921f	GET	/	undefined
20240417	10:49:32	9252075c-ade3-4962-bac2-ee65944245fc	GET	/css/style.css	undefined
20240417	10:50:15	ee1bcc73-d42c-46e0-b1f4-67e081ec47fe	GET	/	undefined
20240417	10:50:15	b618ca17-a331-4e12-ab1f-a1f61c3b3ee5	GET	/css/style.css	undefined
20240417	10:51:34	e97cc433-013a-49c0-988d-c0cf2a57f7f2	GET	/	undefined
20240417	10:51:34	50eee096-aeee-4a04-9811-7aeecba5d977	GET	/css/style.css	undefined
20240417	10:55:02	5ee5306b-92d3-4a0f-8a2e-994d41c3fdf2	GET	/	undefined
20240417	10:55:02	9295497c-ee48-4772-905c-2cc74211fa11	GET	/css/style.css	undefined
20240417	10:55:02	1f563487-0d98-4d31-9ede-e3f7fc0feecd	GET	/images/yes.jpg	undefined
20240417	10:58:59	61ca4bda-416c-4b26-8526-d9459e701fa4	GET	/	undefined
20240417	10:58:59	99d2e1f3-53c2-4d0d-929a-3e3c6da430cb	GET	/css/style.css	undefined
20240417	10:58:59	936f3a4b-7e6e-4862-b6c5-7a71af174630	GET	/images/yes.jpg	undefined
20240417	10:58:59	265422a9-b678-41c1-b53f-40fe413e83d2	GET	/css/images/yes.jpg	undefined
20240417	10:59:23	f983b7cf-8b6d-4677-8ef0-1041d5ed25ce	GET	/	undefined
20240417	10:59:23	127ad608-52b2-46a3-b296-4199b8e863ae	GET	/css/style.css	undefined
20240417	10:59:23	bf030ca3-60d5-4849-8b49-9fd0593f77ee	GET	/images/yes.jpg	undefined
20240417	11:01:08	d9458848-9eb3-4db2-abd2-722f3edded69	GET	/	undefined
20240417	11:01:08	5648af92-d025-4bfd-ab8c-9f5cc7c22644	GET	/css/style.css	undefined
20240417	11:01:08	42b22386-fc81-41a4-b8ab-d0708ecbcf90	GET	/images/yes.jpg	undefined
20240417	11:01:08	222b0f64-4665-4847-ac59-08f806b200cc	GET	/css/images/yes.jpg	undefined
20240417	11:01:09	536e5133-4028-4d2d-a56b-f4ab32692ea9	GET	/	undefined
20240417	11:01:09	44a06d1d-fc12-43a5-af96-52f6b8cc932e	GET	/css/style.css	undefined
20240417	11:01:09	7a0a218b-1955-4e46-8f47-51abe93480b1	GET	/images/yes.jpg	undefined
20240417	11:08:08	5b91f222-e7db-4e1b-a586-dd5660280c20	GET	/	undefined
20240417	11:08:08	d6070a25-913f-466b-a91f-3830d63ef76e	GET	/css/style.css	undefined
20240417	11:08:08	fc6fc385-7b74-4db6-ace7-d250afb29df5	GET	/images/yes.jpg	undefined
20240417	11:08:08	bd955003-1740-46c8-8a02-fe007ba28924	GET	/css/images/yes.jpg	undefined
20240417	11:08:09	aff4f602-2b58-4665-aa17-ecde613613c7	GET	/	undefined
20240417	11:08:09	6d407ed2-66d5-46d2-809b-783b1126b84e	GET	/css/style.css	undefined
20240417	11:08:09	4abe27c0-c6e2-4160-97e2-c4a6077c2687	GET	/images/yes.jpg	undefined
20240417	11:08:10	a332fb2e-a26d-4d4f-9966-dffbb3011348	GET	/	undefined
20240417	11:08:10	2f0b66f0-4945-4ad0-9324-47aba05dc7e5	GET	/css/style.css	undefined
20240417	11:08:10	9d900220-b2b7-4191-970a-d22794a7191e	GET	/images/yes.jpg	undefined
20240417	11:08:10	e5dda17d-1fdc-4582-a68e-2a4561f59ee2	GET	/	undefined
20240417	11:08:10	c5e679fe-2466-439f-80c7-020983d4fe7d	GET	/css/style.css	undefined
20240417	11:08:10	6a0237b7-ac1a-475a-a375-c74595c7e78e	GET	/images/yes.jpg	undefined
20240417	11:08:10	8d92a818-8e24-4e38-8ea8-6412d5dbd03c	GET	/	undefined
20240417	11:08:10	534713d0-ac79-4df3-96cb-5379755256a1	GET	/css/style.css	undefined
20240417	11:08:10	b110a6ad-c020-4e41-9ea5-1d2070b820a1	GET	/images/yes.jpg	undefined
20240417	11:09:11	bba97cfa-07ad-4ce4-a4fd-43ec0c82a18e	GET	/	undefined
20240417	11:09:11	e3d919a3-93d8-4df8-8108-7847951de41e	GET	/images/yes.jpg	undefined
20240417	11:09:11	82b08b88-f395-4db3-a224-62559a595b56	GET	/css/style.css	undefined
20240417	11:09:11	f86ae6bd-533f-4b7a-b0e1-c06ba015de8b	GET	/	undefined
20240417	11:09:11	fe5b2383-256e-4e3d-ac4d-2648a4fdb286	GET	/css/style.css	undefined
20240417	11:09:11	a091ae23-eb16-481e-ab68-6f80beaeb9d3	GET	/images/yes.jpg	undefined
20240417	11:09:11	bc275be8-4b55-451e-b458-cf05892535d4	GET	/	undefined
20240417	11:09:11	04ce6986-8681-4fd8-9b9e-803d8a09135b	GET	/css/style.css	undefined
20240417	11:09:11	94234e8e-3758-4aab-b87a-b3d6d0944ccf	GET	/images/yes.jpg	undefined
20240417	11:09:12	8c3b1ac4-5f38-4a5b-8a6f-7d562c16abcb	GET	/	undefined
20240417	11:09:12	5bc2bd79-d956-4727-b9d8-9eddddf01659	GET	/css/style.css	undefined
20240417	11:09:12	3398f015-ff09-4023-98c0-2771963384cd	GET	/images/yes.jpg	undefined
20240417	11:09:12	78871365-ca41-4d51-8d38-648809f57f11	GET	/	undefined
20240417	11:09:12	bd15eacc-788e-41ce-8b39-b78fd172fced	GET	/css/style.css	undefined
20240417	11:09:12	4d6320ec-3c55-4a39-8952-c7b96deea613	GET	/images/yes.jpg	undefined
20240417	11:09:12	09380f84-0603-459f-973a-4d10a1b35ba2	GET	/	undefined
20240417	11:09:12	2aac230f-9510-40f4-91b7-6c6cb9bd62f5	GET	/css/style.css	undefined
20240417	11:09:12	c76da96a-bfd6-4da5-a87a-63eb667f95e1	GET	/images/yes.jpg	undefined
20240417	11:09:12	b0e74a56-c839-4036-9698-b28aa145424a	GET	/	undefined
20240417	11:09:12	bf143296-1449-4d4a-a109-22c0dafb77bb	GET	/css/style.css	undefined
20240417	11:09:12	30f07bd5-76d5-4b5b-a8ab-41fbe31ea424	GET	/images/yes.jpg	undefined
20240417	11:09:12	beec0446-ebec-4691-8f31-dcc01c2efffd	GET	/	undefined
20240417	11:09:12	15eadf2a-6251-44d0-876d-117834458ff4	GET	/css/style.css	undefined
20240417	11:09:12	16aa504d-76ee-443c-9063-9bf7c492fad5	GET	/images/yes.jpg	undefined
20240417	11:09:14	ab454b3b-2238-4b75-86ac-fa06abaa7791	GET	/	undefined
20240417	11:09:14	579e2b7d-3863-4845-8a68-5de80d6ad81d	GET	/css/style.css	undefined
20240417	11:09:14	4e360a3e-6130-441c-9a42-55f04670498b	GET	/images/yes.jpg	undefined
20240417	11:11:44	b1381912-fadb-4f90-8e51-2fb9acb961e2	GET	/	undefined
20240417	11:11:44	2f4c06f5-0c03-456c-bc0e-a268ca1f7de3	GET	/css/style.css	undefined
20240417	11:11:46	3091da1c-6acd-4bc5-a754-5d5fbac78bec	GET	/	undefined
20240417	11:11:46	8412e5f8-d5d2-443b-b8ec-371cefafdf64	GET	/css/style.css	undefined
20240417	11:11:47	8c3a66e7-396e-4b95-b6f9-597afe6d4acb	GET	/	undefined
20240417	11:11:47	9b130302-de51-41df-ae25-975e430be986	GET	/css/style.css	undefined
20240417	11:11:48	96415051-a317-43a1-982f-397ed12f12d6	GET	/	undefined
20240417	11:11:48	ec5cb5a6-6fa0-4428-bd99-f0817939b78b	GET	/css/style.css	undefined
20240417	11:16:11	3b1f824b-db14-4786-9bd1-a1294c0a8e1d	GET	/	undefined
20240417	11:16:11	ef135a4c-0e3d-4b01-8bbb-4cf6e468d74c	GET	/css/style.css	undefined
20240417	11:16:27	7153d3ac-8d0c-4ce8-a02b-075951387124	GET	/	undefined
20240417	11:16:27	3659a89d-3d5a-4b7a-ada4-99d43731ef50	GET	/css/style.css	undefined
20240417	11:16:27	0a46056b-23f3-4445-94ad-037532275945	GET	/images/yes.jpg	undefined
20240417	11:16:27	d5ed66d6-2c0e-4288-8b6a-261309aacd74	GET	/css/images/yes.jpg	undefined
20240417	11:19:43	99f127e0-cb6f-4462-bb55-7ff6f6148fbe	GET	/	undefined
20240417	11:19:43	7099cf8d-9991-4185-bf75-e84298055d57	GET	/images/yes.jpg	undefined
20240417	11:19:43	98b48b1c-e32d-407b-8442-6a2807f1a50d	GET	/css/style.css	undefined
20240417	11:19:44	c88aa2e2-96d1-4def-82e0-7823fe32b12f	GET	/	undefined
20240417	11:19:44	29c385f8-c75b-4569-a133-7bdcc6dbf731	GET	/css/style.css	undefined
20240417	11:19:44	2ea56289-ff83-4f24-b0ef-90751a751f8e	GET	/images/yes.jpg	undefined
20240417	20:44:46	eaab4105-f7d3-49b2-be1c-9ed100ebfd99	GET	/	undefined
20240417	20:44:46	0b48daa3-90cf-4a8c-8b90-74ce4de6803f	GET	/favicon.ico	undefined
20240417	20:45:16	02576053-83d1-4d9e-ae12-aee51d61261c	GET	/	undefined
20240417	20:45:32	53e65b95-0d28-4a8b-8d7a-9b0c2b67b8cd	GET	/	undefined
20240417	20:47:22	b59dcf64-2c9d-4be4-91e3-5c2753e887ef	GET	/	undefined
20240417	20:49:29	acb49a42-7986-4f0d-870c-d3e85dc8b110	GET	/	undefined
20240417	20:49:29	58657b44-be07-4045-ab21-b7dfb9406c60	GET	/style.css	undefined
20240417	20:49:41	a7058f64-141a-4561-9768-1ef10a8d99ff	GET	/	undefined
20240417	20:49:42	c4d59758-3958-41f9-83c0-391f0e08a0b4	GET	/style.css	undefined
20240417	20:50:01	b56c0784-a67c-4713-a299-63d59c721871	GET	/	undefined
20240417	20:50:01	aa0f4248-7f7b-4b73-93f0-1cae264c9bc3	GET	/style.css	undefined
20240417	20:50:02	01369651-f36e-45d5-9c1d-db0c1c60135d	GET	/	undefined
20240417	20:50:02	152d0d6c-e3d0-4118-bbb9-bb48fde8bd98	GET	/style.css	undefined
20240417	20:50:11	a880aa37-0a12-4aa9-900f-fc88ca882055	GET	/	undefined
20240417	20:50:11	e302b2fd-b19b-4baa-81ad-84e9ace70a4f	GET	/style.css	undefined
20240417	20:50:20	841f3624-5c8e-4f82-94ce-d9437e073c8f	GET	/	undefined
20240417	20:50:20	b90911ab-852b-47e7-9e17-ba1b46e00ff1	GET	/style.css	undefined
20240417	20:50:33	bd5fea52-cd65-433e-945a-c0ddc08959c5	GET	/	undefined
20240417	20:50:33	c154386e-2f3e-47e7-b561-a16582754020	GET	/style.css	undefined
20240417	20:50:42	b2ab5009-859a-4c6f-ba01-1e1ce5e656ff	GET	/	undefined
20240417	20:50:42	ef16a3a5-4d44-4500-b922-a20172a1b70d	GET	/style.css	undefined
20240417	20:55:03	362da7fd-af71-4b02-a800-6cb640b1cb46	GET	/	undefined
20240417	20:55:13	6ea3d464-5a8b-4528-9e9a-d048573b26c0	GET	/	undefined
20240417	20:55:22	f1c3c2fe-92f7-4939-8c45-91ec9e6970d0	GET	/	undefined
20240417	21:00:47	0f9527ee-7a0a-4d2c-adca-d39616359faf	GET	/	undefined
20240417	21:02:05	bc5cb4ac-632a-4d0d-8933-9675d140bfc6	GET	/	undefined
20240417	21:13:24	6d7aa0d2-0532-4706-9fba-3081be10565a	GET	/	undefined
20240417	21:13:30	42ecc5ab-703f-4e07-b517-fd0bab906c92	GET	/	undefined
20240417	21:17:53	ab1df0d9-9954-4da3-a39a-ee5edc47cc89	GET	/	undefined
20240417	21:20:09	500c6a14-b9f1-4f45-b025-4ecc1523e32e	GET	/	undefined
20240417	21:21:49	f4fc48a9-338d-485c-be81-d27e87141edf	GET	/	undefined
20240417	22:58:17	17e3081f-0680-4bd5-8fe3-ba352cd99bf8	GET	/	undefined
20240417	22:59:04	afa24edf-5a6f-45c4-9a43-741bfe933386	GET	/	undefined
20240417	23:02:27	97263fab-f15c-47a8-822e-80843c61b167	GET	/	undefined
20240417	23:02:30	e377b8a2-90f8-43b3-ab0a-6cbfdde11fb8	GET	/	undefined
20240417	23:10:37	4517cbdc-64e7-48d1-b7d9-9a741010582e	GET	/	undefined
20240417	23:11:27	064f4c09-e1d8-4693-b9d1-6c7285a3afc2	GET	/	undefined
20240417	23:11:31	a54c7311-02fe-4fd9-b806-087aad0644e9	GET	/	undefined
20240417	23:12:11	536ce59d-ca21-4920-9437-afdd90b91abe	GET	/	undefined
20240417	23:12:12	588329eb-7b24-4185-9eb7-82ffcd29b3b1	GET	/	undefined
20240417	23:12:59	e29fdcf1-f934-4900-b871-5b9da6aeaff5	GET	/	undefined
20240417	23:14:22	fb5f6123-f467-4490-bd5f-1b9c98ca067b	GET	/	undefined
20240417	23:16:04	a67b3213-f253-4e66-82b6-1a930b00868b	GET	/	undefined
20240417	23:16:04	f5921ed2-2129-438c-8e9b-72103b551bca	GET	/	undefined
20240417	23:16:05	49f73eb4-a869-4fc2-9fac-f28334143f2d	GET	/	undefined
20240417	23:16:05	637330b7-714e-4a7a-9aa5-b9f873ef64ef	GET	/	undefined
20240417	23:22:25	492687c8-1bc3-4dff-ad07-ee0adcb864f0	GET	/	undefined
20240417	23:25:14	130bfd1c-02d9-4fe3-9804-815a2a2fe61c	GET	/	undefined
20240421	10:08:27	86882999-4348-449d-9ffb-87d2eaf8b69d	GET	/	undefined
20240421	10:08:31	bec9fe9d-93a2-4b54-a36b-3f453e113b78	GET	/favicon.ico	undefined
20240421	10:10:04	231a3f0a-dc66-41bb-b7b7-26162f9b0917	GET	/	undefined
20240421	10:10:04	9d22c0bf-7c21-4125-93fd-6f2786a372c2	GET	/	undefined
20240421	10:10:22	2658c4d8-943c-44c5-b0e7-2e7d2b40027d	GET	/	undefined
20240421	10:12:54	0c861a56-12f7-46b7-816a-77c276ea5002	GET	/	undefined
20240421	10:15:49	c01be897-12ee-4f8e-a30b-47240427e451	GET	/	undefined
20240421	10:17:20	9488fc9e-8e71-4cf5-901a-6d88e4ca057b	GET	/	undefined
20240421	10:18:42	c81dceaf-3596-4ee1-bf33-cc1e186b0a77	GET	/	undefined
20240421	10:19:43	7a8a4000-5c9a-4ec5-ad91-11b510a91cae	GET	/	undefined
20240421	10:20:37	2c182cc0-bab5-47bd-b2a9-840158f8acab	GET	/	undefined
20240421	10:20:52	c395d085-8a63-4765-a85d-5e49f64dc6db	GET	/	undefined
20240421	10:20:58	8be2d0c9-4f24-4720-8f2a-e7774329f7a6	GET	/	undefined
20240421	10:22:19	e45652e0-c6cc-46f2-a903-ecbc4aee4ddd	GET	/	undefined
20240421	10:22:27	132dc0e5-4868-42d8-955e-ed50b385c361	GET	/	undefined
20240421	10:32:04	9e9a5814-7b73-4793-a97c-f6856128238d	GET	/	undefined
20240421	10:36:31	86ffc0a0-bb0f-4d8f-abaa-2e1db41d32ad	GET	/	undefined
20240421	13:36:37	8c574509-c579-479c-a77a-4e1849d505cd	GET	/	undefined
20240421	13:36:39	941b5529-4b5b-4ddf-856d-418e15b3a332	GET	/favicon.ico	undefined
20240421	13:43:45	2495db85-afc1-48e8-a845-e3bc15f0a564	GET	/	undefined
20240421	13:43:48	3375f5e8-693b-4551-9b93-de07c52f2e59	GET	/	undefined
20240421	13:43:53	5445a1bc-3588-4823-9451-8f2c8630270a	GET	/	undefined
20240421	13:45:36	470ddf9c-5285-4111-a755-623e27dfb7b9	GET	/	undefined
20240421	13:48:28	0a5d17eb-b901-449c-86a8-c498937b0bd5	GET	/	undefined
20240421	13:49:15	3f12fe27-b92f-41bb-8443-75fcb85903ee	GET	/	undefined
20240421	13:59:14	80f26f3b-980e-4960-9dd9-2ca9cbaa216c	GET	/	undefined
20240421	14:08:44	84c6aafc-ede7-4e3b-a51a-77e217d12fd7	GET	/	undefined
20240421	14:10:13	f68bdb0e-23bf-4510-a3be-ac46dc1b4e3f	GET	/	undefined
20240421	14:10:40	720cb1fa-382c-47de-89e1-71dcd71594b2	GET	/	undefined
20240421	14:11:39	aa7a23ae-1221-4a06-8ed9-146aac9f2125	GET	/	undefined
20240421	14:13:25	fcb6bfe9-5e1b-44da-9c0c-04ed9bbb6cca	GET	/	undefined
20240421	14:13:36	38c66511-c8c4-4e5f-a9e3-16bdc7b4f202	GET	/	undefined
20240421	14:13:45	010e1885-0910-44e5-926e-cce353f17725	GET	/	undefined
20240421	14:15:20	40b1dbfe-a48e-4f87-9683-764d23d517c5	GET	/	undefined
20240421	14:15:49	7ac6adbd-daee-49a3-a9cf-64bfa2e2e845	GET	/	undefined
20240421	14:24:41	c280ce15-840b-4bb7-bdf8-5a1d76f38f98	GET	/	undefined
20240421	14:30:44	b59ea20e-6ce0-4fee-ab88-e58b88184553	GET	/	undefined
20240421	14:40:11	b0b79737-04e4-44ee-8eb3-857049ad2409	GET	/	undefined
20240421	14:40:47	283186d1-8ba5-45d2-9c1e-7c77fc3ddaa7	GET	/	undefined
20240421	14:41:37	12bd70da-7b0d-47d8-aab7-bdd3b52eda37	GET	/	undefined
20240421	14:46:00	1c833918-a36e-42d0-96dc-a3cbd0e40db5	GET	/	undefined
20240421	14:46:26	4797afe4-a5f0-49f7-9b2b-aa8bc49af3f5	GET	/	undefined
20240421	14:46:40	08b923f8-0fa3-4548-8b36-f188b36da244	GET	/	undefined
20240421	14:46:45	a6c5c17d-5f86-49c0-b72c-dead7a0c76da	GET	/	undefined
20240421	14:48:23	c9aafa34-7003-4947-ad3a-5af41c4e7c97	GET	/	undefined
20240421	14:58:27	fe99e0bb-ee1e-46ff-bce3-1a4f47d31d92	GET	/	undefined
20240421	15:02:25	018f31b9-020a-4df9-8771-fe379eccf84f	GET	/	undefined
20240421	15:02:34	2eb0cc68-4ec3-4833-8233-a4c7db173986	GET	/	undefined
20240421	15:05:17	d1a98bf4-a030-4a32-ad32-67e9092a9d7e	GET	/	undefined
20240421	15:06:18	06ea2974-ea9e-4e42-b615-4b681bad5d31	GET	/	undefined
20240421	15:08:43	b8c0981b-c92b-48a3-a477-8d2cf3ab2bd7	GET	/	undefined
20240421	15:12:47	c674ee8a-a8d2-4ea9-8ec0-66a7125f8a52	GET	/	undefined
20240421	15:12:55	23bb9254-b099-4dd4-8f20-e3ff1bb1e552	GET	/	undefined
20240421	15:12:59	425baca9-ba22-42c3-85f6-6ebb0bf2ea7a	GET	/	undefined
20240421	15:13:34	02cbbabf-e2df-4e42-8c93-fe3df3c7c402	GET	/	undefined
20240421	15:13:42	35919e28-f4f8-4f9f-bb45-3ac871bbdf93	GET	/	undefined
20240421	15:14:10	e22f476d-9d72-41a0-81b9-944759ced7db	GET	/	undefined
20240421	15:14:13	47839c48-e03d-4ce4-b5a4-72158dd4b340	GET	/	undefined
20240421	15:14:16	0876a2e4-ea03-4d13-becf-4a4ffc1090c4	GET	/	undefined
20240421	15:14:25	b1a8c376-f0a6-472b-b34d-49e3d44634ce	GET	/	undefined
20240421	15:14:29	339f7858-47a9-4891-8d3a-5250254d1363	GET	/	undefined
20240421	15:14:32	77cfdc97-ad1f-45bf-8f8d-36ddc56252f9	GET	/	undefined
20240421	15:14:38	c89102b6-cef6-4d96-88d3-27b41cc127a0	GET	/	undefined
20240421	15:14:42	07f87500-17ff-4d40-bb1b-385b9157272c	GET	/	undefined
20240421	15:14:46	fc9213af-5e99-46a3-98e7-76fe2d5c68f9	GET	/	undefined
20240421	15:14:50	9d93dc31-8a97-447c-b270-70d8d080a150	GET	/	undefined
20240421	15:14:52	9a59c418-50bb-49d3-9403-ae1c346214b8	GET	/	undefined
20240421	15:15:55	ecacc2f5-bcd5-46f9-8fd2-bee3fbf5545f	GET	/	undefined
20240421	15:15:57	411f4fc2-e619-4647-8cea-cc071a2cba11	GET	/	undefined
20240421	15:16:02	8514b5d0-fa1e-4695-bd88-c3c1e6c5f613	GET	/	undefined
20240421	15:16:07	ef42f8a9-2a03-4e90-832c-211f4ea4f0d6	GET	/	undefined
20240421	15:16:28	4472a2f3-807d-4f15-bb92-15001f337270	GET	/	undefined
20240421	15:16:34	e8566b86-b3f1-47a4-a2c2-d9390a4cfcb1	GET	/	undefined
20240421	15:18:23	735eabfc-744d-4b2f-a2b3-8cd41525c8a4	GET	/	undefined
20240421	15:18:27	6e8f563e-a4a4-4ed0-a1a7-75fb85851712	GET	/	undefined
20240421	15:18:31	5f4c8a23-6256-4de2-b096-158ef641bbf9	GET	/	undefined
20240421	15:18:36	15292173-a488-4949-9baa-78169be12092	GET	/	undefined
20240421	15:20:44	2a22826a-bf2d-4c11-a07a-8804906c0dde	GET	/	undefined
20240421	15:24:11	d76c789b-9f15-4827-98b5-e64b2a740be8	GET	/	undefined
20240421	15:26:29	13b60682-9dd4-4e41-93da-eb03e1e69618	GET	/	undefined
20240421	15:26:55	c728f05a-b44a-4a54-8b23-86d3c2db0819	GET	/	undefined
20240421	15:27:56	43c6f46f-d04e-499f-bc96-7e5e8a5533f3	GET	/	undefined
20240421	15:28:01	2d4945ca-3121-4537-aaed-8b05802a13b2	GET	/	undefined
20240421	15:28:06	541d3273-d0d6-4a3e-8065-291d4a71bd64	GET	/	undefined
20240421	15:30:39	5268ca04-4f51-43db-887c-4f6ae20b55ed	GET	/	undefined
20240421	15:33:33	4e4326b9-8ca9-45bd-84e4-d5acb482f30d	GET	/	undefined
20240421	15:33:37	2f0b76aa-666a-42c5-bcb5-51252e5db948	GET	/	undefined
20240421	15:33:42	9dd9af01-23bd-4bcb-81bd-7b6c21d88d51	GET	/	undefined
20240421	15:33:48	5bc5b600-de00-44df-be67-34da5abfaf28	GET	/	undefined
20240421	15:37:43	fe2916ff-55c3-46df-a541-0064872398eb	GET	/	undefined
20240421	15:38:03	c4053f62-eecf-4fbe-97ea-13264eb038cc	GET	/	undefined
20240421	15:38:28	64250bb9-94e1-46cc-ad3b-3dca8061b3cb	GET	/	undefined
20240421	15:38:33	c45b2cf9-80a8-43aa-8e55-7e000114cd5a	GET	/	undefined
20240421	15:38:38	57f79162-3a08-4d02-885d-176fcf0b564b	GET	/	undefined
20240421	15:38:41	41802cc9-ec65-4855-b07b-677d880a41a5	GET	/	undefined
20240421	15:38:43	a820fe13-6161-486e-b4bc-93bcb941f818	GET	/	undefined
20240421	15:38:54	fbee3fc0-6da2-47b3-b49d-104f5708bbd0	GET	/	undefined
20240421	15:38:58	5264207e-ad80-4fad-a005-f41be1fd3434	GET	/	undefined
20240421	15:39:01	d336c1bc-f2d5-4590-9fae-d346c56a600f	GET	/	undefined
20240421	15:39:07	a01e2dd5-eb65-4192-8a7a-a2feb65c2082	GET	/	undefined
20240421	15:39:10	01d6320d-cf41-4f4c-97c8-e3bdfc550d10	GET	/	undefined
20240421	15:39:14	b573f18a-ccd0-4be8-ae32-86ae98bb8a0d	GET	/	undefined
20240421	15:39:24	a2dc4a7f-361e-4fb2-821c-50ecc8cebabe	GET	/	undefined
20240421	15:39:33	235d02d8-28c1-4cee-8b71-646ef08efab9	GET	/	undefined
20240421	15:40:08	9f2915f0-26ce-48e4-83fc-96f7071cccd9	GET	/	undefined
20240421	15:40:12	1d6b8dbb-4076-4dc5-8450-0f82bf856e8f	GET	/	undefined
20240421	15:40:15	4d30a417-6742-40cd-a4a8-92fd0bba7ea4	GET	/	undefined
20240421	15:40:19	7e4f62e0-92d3-46ea-aff1-e18e0fc35136	GET	/	undefined
20240421	15:40:23	e7603dd3-b671-4636-98b4-1998a300f903	GET	/	undefined
20240421	15:40:25	a91591bd-3562-4af6-baae-abc8d12fedaf	GET	/	undefined
20240421	15:40:28	a089755a-f6c5-4d7d-940a-2e999ee73792	GET	/	undefined
20240421	15:40:42	e1c9a9fb-5959-4247-b295-f1304f4765a2	GET	/	undefined
20240421	15:40:50	61d70f92-6deb-41f6-905e-34cdce7a87cc	GET	/	undefined
20240421	15:40:53	5abd977e-0efc-460f-ad5d-61b4cabdb2b9	GET	/	undefined
20240421	15:40:55	b77fecd0-de13-4f17-9d7b-6a27fe13682e	GET	/	undefined
20240421	15:40:59	c2672231-81ce-4fd4-850d-77e7b16dcf92	GET	/	undefined
20240421	15:41:02	563a752d-4ed5-4ccf-b034-846750eb0887	GET	/	undefined
20240421	15:41:04	7228380e-a8c9-43ee-88fe-980f83ae2115	GET	/	undefined
20240421	15:41:07	5b15590f-290b-449e-ad66-f8ae607657ff	GET	/	undefined
20240421	15:41:08	723afe73-1dae-4028-b766-74772b0a2b90	GET	/	undefined
20240421	15:41:11	e52550f5-5181-435a-b347-3707c82d6504	GET	/	undefined
20240421	15:41:14	afb9d59c-3639-425b-b6fd-e649c797c7ea	GET	/	undefined
20240421	15:41:42	5f21cc1c-4cc5-4640-ab39-c14876ae6282	GET	/	undefined
20240421	15:41:48	618b7648-1bb1-4deb-b439-cf90b2247ac4	GET	/	undefined
20240422	06:38:50	a9067e76-81df-4866-acaf-0d3e4fc0ee18	GET	/	undefined
20240422	06:38:50	94c09c2f-24c8-45df-9f0f-3fe66cad27bb	GET	/favicon.ico	undefined
20240422	06:40:49	505a66a1-3ca0-47ae-bcbd-de7d3c32a3a2	GET	/	undefined
20240422	06:41:05	40c82a82-f282-4a28-9426-f1bc3bc21837	GET	/	undefined
20240422	06:41:44	bc97ffab-7d7f-4daf-9c36-bbec2725def2	GET	/	undefined
20240422	06:42:42	479e84af-13e1-4a55-9c31-6dd3f4b65865	GET	/	undefined
20240422	06:43:18	8e1cf53a-15a4-4988-bfce-70399efcdb1d	GET	/	undefined
20240422	06:43:24	37da1284-4291-4031-a45b-062774c4889d	GET	/	undefined
20240422	06:43:35	3eab81c2-ca91-48c6-89fa-f0951732ffef	GET	/	undefined
20240422	06:43:38	81633733-69ab-46f1-94f3-b6a653071d62	GET	/	undefined
20240422	06:43:41	b11b0648-248f-4890-8953-3e186a7854eb	GET	/	undefined
20240422	06:43:45	7b05c749-6d70-4d01-b144-f205fbd61055	GET	/	undefined
20240422	06:47:46	a77b78b0-8a9b-415d-a6aa-e6e247cddb84	GET	/	undefined
20240422	06:50:02	9862e379-4d71-466a-be22-220bb69163c9	GET	/	undefined
20240422	06:50:03	332a3a66-d70e-46d8-b907-d89128fb64b8	GET	/	undefined
20240422	06:50:26	accf1691-0095-484c-a321-37c32dc8da59	GET	/	undefined
20240422	06:52:50	b215b4aa-003c-4aa6-81c9-7eb09866f2e3	GET	/	undefined
20240422	06:53:09	e40f9ad2-b505-42bb-b589-5deeec44dcf6	GET	/	undefined
20240422	06:53:37	46b41458-83e3-4344-a1f3-3e7adc5b2a8b	GET	/	undefined
20240422	06:56:02	7027e592-1c14-4dc5-8781-1519624daaf0	GET	/	undefined
20240422	07:02:10	8ca14d65-d72f-4171-bdb3-8cb180ef4780	GET	/	undefined
20240422	07:02:36	2beff6fc-35cb-4ac3-8776-32259fcad662	GET	/	undefined
20240422	07:03:27	d91a64a5-1c4f-4e19-9f60-4432a7cc6c2b	GET	/	undefined
20240422	07:05:01	0ed2f8fb-b2fd-41e3-a4f3-451e0c61071d	GET	/	undefined
20240422	07:05:09	c2ff5ae1-5d95-422a-aca7-437dde2bb7e3	GET	/	undefined
20240422	07:05:20	eeb61a91-0c8c-49b9-bce2-6b41eaf605b7	GET	/	undefined
20240422	07:12:37	eecd396c-66f5-4b8b-9965-c298721031a4	GET	/	undefined
20240422	10:50:35	3393909c-ed0c-4f75-83c5-7497aed9c0ad	GET	/	undefined
20240422	10:50:36	9c45f630-90fc-4ae9-9531-625f34dffc2f	GET	/favicon.ico	undefined
20240422	10:52:08	3d0cb6f7-5ffb-4b93-9df2-7410950b7eb7	GET	/	undefined
20240422	10:52:26	b9173d41-f762-4e5a-8bbe-8aee3ab4258d	GET	/	undefined
20240422	10:52:28	4172553c-b686-4ed2-b43b-c831baf04ffc	GET	/	undefined
20240422	10:52:38	64d47c2a-4591-48a3-822e-06a2c3541f1e	GET	/	undefined
20240422	10:52:58	b0c930ef-ef63-4662-be36-f5ffdd90549a	GET	/	undefined
20240422	10:53:01	6aa96856-c270-4046-88f1-7f48ca0df984	GET	/	undefined
20240422	10:54:36	f3418ecf-607e-4b14-8b8a-f2f27a2f9dcf	GET	/	undefined
20240422	10:54:37	c016398c-fb7a-424b-803d-3aab42232e39	GET	/alupenario6@gmail.com	undefined
20240422	10:54:37	5c84ba75-0af1-4211-9b47-46ceaaa0da96	GET	/css/style.css	undefined
20240422	10:56:34	60c3d55a-3f3f-4cca-be2a-ed6dada40615	GET	/alupenario6@gmail.com	undefined
20240422	10:56:34	7b0e02f1-01aa-44c9-9cd3-70f7f26ec1e0	GET	/css/style.css	undefined
20240422	10:56:45	a4edacf8-845a-40ea-ab38-574e7e8e5e88	GET	/	undefined
20240422	10:58:24	eb1bd452-b584-47b0-9922-05d29c3c7705	GET	/	undefined
20240422	10:58:38	744dfcf3-1e42-4da1-9a1d-14d8791a84c2	GET	/	undefined
20240422	11:00:42	eee81748-85f4-4f0f-b470-95a445b86620	GET	/	undefined
20240422	11:00:57	7c1b6536-f19e-431d-a9a9-a4a956c8d74c	GET	/	undefined
20240422	11:01:15	89e957e8-e509-4ccc-9756-d0d0aa508f18	GET	/	undefined
20240422	11:01:16	d0c8d843-65a8-4a52-9154-5ef5ce6dc9f7	GET	/	undefined
20240422	11:01:16	21b5e448-b64e-461e-9dfc-438c10339f0f	GET	/	undefined
20240422	11:01:17	f8e618c8-bc80-4ee9-a6fa-71bca9c5e4bd	GET	/	undefined
20240422	11:01:17	ce52749b-f922-4168-a165-834804c696d0	GET	/	undefined
20240422	11:01:44	9f52ff8b-9b44-4ecd-bbba-4e0a48c4132e	GET	/	undefined
20240422	11:01:49	11957dd6-5406-40f5-936a-05e6b4849ee9	GET	/	undefined
20240422	11:01:52	9cb4fa6a-d107-49c2-83fe-8cc3a6e52018	GET	/	undefined
20240422	11:01:55	532c854c-e9c4-4445-b3f4-3b021046e40f	GET	/	undefined
20240422	11:02:01	de995b87-c78c-478d-aef6-92366771aafa	GET	/	undefined
20240422	11:02:01	867de218-7de0-4efc-95e0-5ce8f52dacf0	GET	/	undefined
20240422	11:02:01	21430e5b-4a5a-429f-8eb0-6412331eebdd	GET	/	undefined
20240422	11:02:02	5fa687e7-2fcf-4509-bae0-a8868e5d962b	GET	/	undefined
20240422	11:02:02	26978ac0-c3f9-45f3-9f40-b79403cebed1	GET	/	undefined
20240422	11:09:44	29b8c3ba-5b91-4177-b1af-9128d16a5a2a	GET	/	undefined
20240423	15:16:29	f47c9ecf-1922-4d60-9165-0b2f821d122b	GET	/	undefined
20240423	15:16:29	95660894-9fe5-49c7-9a78-04e0fac35065	GET	/favicon.ico	undefined
20240423	15:16:44	a4ca3871-cfdc-46a9-bb98-36ac40d28c55	GET	/alupenario6@gmail.com	undefined
20240423	15:16:44	0bbbbd85-2797-4bc9-b443-e05d18d79d13	GET	/css/style.css	undefined
20240423	15:25:09	bfba9014-c2a6-47eb-b3e3-5f0242df25f6	GET	/	undefined
20240423	15:36:22	d5a77080-c59d-40cc-813f-f2650fc4c2a1	GET	/	undefined
20240423	16:23:33	1dd61e8d-483c-4455-98e6-a2c50bd5af82	GET	/	undefined
